# JRE version: OpenJDK Runtime Environment (8.0_112-b06) (build 1.8.0_112-release-b06)
# Java VM: OpenJDK 64-Bit Server VM (25.112-b06 mixed mode windows-amd64 compressed oops)
Heap:
 PSYoungGen      total 176128K, used 110487K [0x00000000e0000000, 0x00000000ee980000, 0x0000000100000000)
  eden space 142848K, 54% used [0x00000000e0000000,0x00000000e4b663a0,0x00000000e8b80000)
  from space 33280K, 99% used [0x00000000e8b80000,0x00000000eabffa50,0x00000000eac00000)
  to   space 39424K, 0% used [0x00000000ec300000,0x00000000ec300000,0x00000000ee980000)
 ParOldGen       total 111616K, used 49350K [0x00000000a0000000, 0x00000000a6d00000, 0x00000000e0000000)
  object space 111616K, 44% used [0x00000000a0000000,0x00000000a30318c0,0x00000000a6d00000)
 Metaspace       used 57109K, capacity 58836K, committed 59136K, reserved 1099776K
  class space    used 7493K, capacity 7877K, committed 7936K, reserved 1048576K
GC Heap History (10 events):
Event: 11.490 GC heap before
{Heap before GC invocations=11 (full 2):
 PSYoungGen      total 126464K, used 126318K [0x00000000e0000000, 0x00000000e8e80000, 0x0000000100000000)
  eden space 115200K, 100% used [0x00000000e0000000,0x00000000e7080000,0x00000000e7080000)
  from space 11264K, 98% used [0x00000000e8380000,0x00000000e8e5b8e0,0x00000000e8e80000)
  to   space 13312K, 0% used [0x00000000e7480000,0x00000000e7480000,0x00000000e8180000)
 ParOldGen       total 111616K, used 17680K [0x00000000a0000000, 0x00000000a6d00000, 0x00000000e0000000)
  object space 111616K, 15% used [0x00000000a0000000,0x00000000a1144318,0x00000000a6d00000)
 Metaspace       used 47877K, capacity 48982K, committed 49152K, reserved 1091584K
  class space    used 6333K, capacity 6628K, committed 6656K, reserved 1048576K
Event: 11.516 GC heap after
Heap after GC invocations=11 (full 2):
 PSYoungGen      total 132608K, used 13282K [0x00000000e0000000, 0x00000000ea400000, 0x0000000100000000)
  eden space 119296K, 0% used [0x00000000e0000000,0x00000000e0000000,0x00000000e7480000)
  from space 13312K, 99% used [0x00000000e7480000,0x00000000e8178a10,0x00000000e8180000)
  to   space 16896K, 0% used [0x00000000e9380000,0x00000000e9380000,0x00000000ea400000)
 ParOldGen       total 111616K, used 22178K [0x00000000a0000000, 0x00000000a6d00000, 0x00000000e0000000)
  object space 111616K, 19% used [0x00000000a0000000,0x00000000a15a8b18,0x00000000a6d00000)
 Metaspace       used 47877K, capacity 48982K, committed 49152K, reserved 1091584K
  class space    used 6333K, capacity 6628K, committed 6656K, reserved 1048576K
}
Event: 18.760 GC heap before
{Heap before GC invocations=12 (full 2):
 PSYoungGen      total 132608K, used 132578K [0x00000000e0000000, 0x00000000ea400000, 0x0000000100000000)
  eden space 119296K, 100% used [0x00000000e0000000,0x00000000e7480000,0x00000000e7480000)
  from space 13312K, 99% used [0x00000000e7480000,0x00000000e8178a10,0x00000000e8180000)
  to   space 16896K, 0% used [0x00000000e9380000,0x00000000e9380000,0x00000000ea400000)
 ParOldGen       total 111616K, used 22178K [0x00000000a0000000, 0x00000000a6d00000, 0x00000000e0000000)
  object space 111616K, 19% used [0x00000000a0000000,0x00000000a15a8b18,0x00000000a6d00000)
 Metaspace       used 52691K, capacity 54326K, committed 54528K, reserved 1095680K
  class space    used 7033K, capacity 7400K, committed 7424K, reserved 1048576K
Event: 18.785 GC heap after
Heap after GC invocations=12 (full 2):
 PSYoungGen      total 145408K, used 16884K [0x00000000e0000000, 0x00000000eb100000, 0x0000000100000000)
  eden space 128512K, 0% used [0x00000000e0000000,0x00000000e0000000,0x00000000e7d80000)
  from space 16896K, 99% used [0x00000000e9380000,0x00000000ea3fd390,0x00000000ea400000)
  to   space 22528K, 0% used [0x00000000e7d80000,0x00000000e7d80000,0x00000000e9380000)
 ParOldGen       total 111616K, used 31404K [0x00000000a0000000, 0x00000000a6d00000, 0x00000000e0000000)
  object space 111616K, 28% used [0x00000000a0000000,0x00000000a1eab110,0x00000000a6d00000)
 Metaspace       used 52691K, capacity 54326K, committed 54528K, reserved 1095680K
  class space    used 7033K, capacity 7400K, committed 7424K, reserved 1048576K
}
Event: 21.890 GC heap before
{Heap before GC invocations=13 (full 2):
 PSYoungGen      total 145408K, used 145396K [0x00000000e0000000, 0x00000000eb100000, 0x0000000100000000)
  eden space 128512K, 100% used [0x00000000e0000000,0x00000000e7d80000,0x00000000e7d80000)
  from space 16896K, 99% used [0x00000000e9380000,0x00000000ea3fd390,0x00000000ea400000)
  to   space 22528K, 0% used [0x00000000e7d80000,0x00000000e7d80000,0x00000000e9380000)
 ParOldGen       total 111616K, used 31404K [0x00000000a0000000, 0x00000000a6d00000, 0x00000000e0000000)
  object space 111616K, 28% used [0x00000000a0000000,0x00000000a1eab110,0x00000000a6d00000)
 Metaspace       used 55610K, capacity 57322K, committed 57472K, reserved 1099776K
  class space    used 7351K, capacity 7744K, committed 7808K, reserved 1048576K
Event: 21.922 GC heap after
Heap after GC invocations=13 (full 2):
 PSYoungGen      total 151040K, used 22516K [0x00000000e0000000, 0x00000000ec880000, 0x0000000100000000)
  eden space 128512K, 0% used [0x00000000e0000000,0x00000000e0000000,0x00000000e7d80000)
  from space 22528K, 99% used [0x00000000e7d80000,0x00000000e937d3c0,0x00000000e9380000)
  to   space 29184K, 0% used [0x00000000eac00000,0x00000000eac00000,0x00000000ec880000)
 ParOldGen       total 111616K, used 40655K [0x00000000a0000000, 0x00000000a6d00000, 0x00000000e0000000)
  object space 111616K, 36% used [0x00000000a0000000,0x00000000a27b3fe0,0x00000000a6d00000)
 Metaspace       used 55610K, capacity 57322K, committed 57472K, reserved 1099776K
  class space    used 7351K, capacity 7744K, committed 7808K, reserved 1048576K
}
Event: 25.586 GC heap before
{Heap before GC invocations=14 (full 2):
 PSYoungGen      total 151040K, used 151028K [0x00000000e0000000, 0x00000000ec880000, 0x0000000100000000)
  eden space 128512K, 100% used [0x00000000e0000000,0x00000000e7d80000,0x00000000e7d80000)
  from space 22528K, 99% used [0x00000000e7d80000,0x00000000e937d3c0,0x00000000e9380000)
  to   space 29184K, 0% used [0x00000000eac00000,0x00000000eac00000,0x00000000ec880000)
 ParOldGen       total 111616K, used 40655K [0x00000000a0000000, 0x00000000a6d00000, 0x00000000e0000000)
  object space 111616K, 36% used [0x00000000a0000000,0x00000000a27b3fe0,0x00000000a6d00000)
 Metaspace       used 55651K, capacity 57322K, committed 57472K, reserved 1099776K
  class space    used 7351K, capacity 7744K, committed 7808K, reserved 1048576K
Event: 25.622 GC heap after
Heap after GC invocations=14 (full 2):
 PSYoungGen      total 172032K, used 29119K [0x00000000e0000000, 0x00000000ed000000, 0x0000000100000000)
  eden space 142848K, 0% used [0x00000000e0000000,0x00000000e0000000,0x00000000e8b80000)
  from space 29184K, 99% used [0x00000000eac00000,0x00000000ec86ff60,0x00000000ec880000)
  to   space 33280K, 0% used [0x00000000e8b80000,0x00000000e8b80000,0x00000000eac00000)
 ParOldGen       total 111616K, used 46415K [0x00000000a0000000, 0x00000000a6d00000, 0x00000000e0000000)
  object space 111616K, 41% used [0x00000000a0000000,0x00000000a2d53c90,0x00000000a6d00000)
 Metaspace       used 55651K, capacity 57322K, committed 57472K, reserved 1099776K
  class space    used 7351K, capacity 7744K, committed 7808K, reserved 1048576K
}
Event: 35.919 GC heap before
{Heap before GC invocations=15 (full 2):
 PSYoungGen      total 172032K, used 171967K [0x00000000e0000000, 0x00000000ed000000, 0x0000000100000000)
  eden space 142848K, 100% used [0x00000000e0000000,0x00000000e8b80000,0x00000000e8b80000)
  from space 29184K, 99% used [0x00000000eac00000,0x00000000ec86ff60,0x00000000ec880000)
  to   space 33280K, 0% used [0x00000000e8b80000,0x00000000e8b80000,0x00000000eac00000)
 ParOldGen       total 111616K, used 46415K [0x00000000a0000000, 0x00000000a6d00000, 0x00000000e0000000)
  object space 111616K, 41% used [0x00000000a0000000,0x00000000a2d53c90,0x00000000a6d00000)
 Metaspace       used 56332K, capacity 58084K, committed 58240K, reserved 1099776K
  class space    used 7402K, capacity 7779K, committed 7808K, reserved 1048576K
Event: 35.955 GC heap after
Heap after GC invocations=15 (full 2):
 PSYoungGen      total 176128K, used 33278K [0x00000000e0000000, 0x00000000ee980000, 0x0000000100000000)
  eden space 142848K, 0% used [0x00000000e0000000,0x00000000e0000000,0x00000000e8b80000)
  from space 33280K, 99% used [0x00000000e8b80000,0x00000000eabffa50,0x00000000eac00000)
  to   space 39424K, 0% used [0x00000000ec300000,0x00000000ec300000,0x00000000ee980000)
 ParOldGen       total 111616K, used 49350K [0x00000000a0000000, 0x00000000a6d00000, 0x00000000e0000000)
  object space 111616K, 44% used [0x00000000a0000000,0x00000000a30318c0,0x00000000a6d00000)
 Metaspace       used 56332K, capacity 58084K, committed 58240K, reserved 1099776K
  class space    used 7402K, capacity 7779K, committed 7808K, reserved 1048576K
}

