# JRE version: OpenJDK Runtime Environment (8.0_112-b06) (build 1.8.0_112-release-b06)
# Java VM: OpenJDK 64-Bit Server VM (25.112-b06 mixed mode windows-amd64 compressed oops)
Heap:
 PSYoungGen      total 72192K, used 32380K [0x00000000e0000000, 0x00000000e6500000, 0x0000000100000000)
  eden space 61440K, 52% used [0x00000000e0000000,0x00000000e1f9f148,0x00000000e3c00000)
  from space 10752K, 0% used [0x00000000e3c00000,0x00000000e3c00000,0x00000000e4680000)
  to   space 11264K, 0% used [0x00000000e5a00000,0x00000000e5a00000,0x00000000e6500000)
 ParOldGen       total 68608K, used 15733K [0x00000000a0000000, 0x00000000a4300000, 0x00000000e0000000)
  object space 68608K, 22% used [0x00000000a0000000,0x00000000a0f5d6f0,0x00000000a4300000)
 Metaspace       used 35125K, capacity 35866K, committed 36224K, reserved 1081344K
  class space    used 4719K, capacity 4914K, committed 4992K, reserved 1048576K
GC Heap History (10 events):
Event: 4.516 GC heap before
{Heap before GC invocations=7 (full 1):
 PSYoungGen      total 37888K, used 36268K [0x00000000e0000000, 0x00000000e4180000, 0x0000000100000000)
  eden space 32768K, 100% used [0x00000000e0000000,0x00000000e2000000,0x00000000e2000000)
  from space 5120K, 68% used [0x00000000e2000000,0x00000000e236b078,0x00000000e2500000)
  to   space 11264K, 0% used [0x00000000e3680000,0x00000000e3680000,0x00000000e4180000)
 ParOldGen       total 68608K, used 9438K [0x00000000a0000000, 0x00000000a4300000, 0x00000000e0000000)
  object space 68608K, 13% used [0x00000000a0000000,0x00000000a0937b20,0x00000000a4300000)
 Metaspace       used 26444K, capacity 26980K, committed 27136K, reserved 1073152K
  class space    used 3650K, capacity 3782K, committed 3840K, reserved 1048576K
Event: 4.523 GC heap after
Heap after GC invocations=7 (full 1):
 PSYoungGen      total 54784K, used 6181K [0x00000000e0000000, 0x00000000e4080000, 0x0000000100000000)
  eden space 44544K, 0% used [0x00000000e0000000,0x00000000e0000000,0x00000000e2b80000)
  from space 10240K, 60% used [0x00000000e3680000,0x00000000e3c89408,0x00000000e4080000)
  to   space 10752K, 0% used [0x00000000e2b80000,0x00000000e2b80000,0x00000000e3600000)
 ParOldGen       total 68608K, used 9446K [0x00000000a0000000, 0x00000000a4300000, 0x00000000e0000000)
  object space 68608K, 13% used [0x00000000a0000000,0x00000000a0939b20,0x00000000a4300000)
 Metaspace       used 26444K, capacity 26980K, committed 27136K, reserved 1073152K
  class space    used 3650K, capacity 3782K, committed 3840K, reserved 1048576K
}
Event: 5.346 GC heap before
{Heap before GC invocations=8 (full 1):
 PSYoungGen      total 54784K, used 50725K [0x00000000e0000000, 0x00000000e4080000, 0x0000000100000000)
  eden space 44544K, 100% used [0x00000000e0000000,0x00000000e2b80000,0x00000000e2b80000)
  from space 10240K, 60% used [0x00000000e3680000,0x00000000e3c89408,0x00000000e4080000)
  to   space 10752K, 0% used [0x00000000e2b80000,0x00000000e2b80000,0x00000000e3600000)
 ParOldGen       total 68608K, used 9446K [0x00000000a0000000, 0x00000000a4300000, 0x00000000e0000000)
  object space 68608K, 13% used [0x00000000a0000000,0x00000000a0939b20,0x00000000a4300000)
 Metaspace       used 29890K, capacity 30548K, committed 30720K, reserved 1075200K
  class space    used 4098K, capacity 4310K, committed 4352K, reserved 1048576K
Event: 5.363 GC heap after
Heap after GC invocations=8 (full 1):
 PSYoungGen      total 55296K, used 6878K [0x00000000e0000000, 0x00000000e5100000, 0x0000000100000000)
  eden space 44544K, 0% used [0x00000000e0000000,0x00000000e0000000,0x00000000e2b80000)
  from space 10752K, 63% used [0x00000000e2b80000,0x00000000e32378e8,0x00000000e3600000)
  to   space 10240K, 0% used [0x00000000e4700000,0x00000000e4700000,0x00000000e5100000)
 ParOldGen       total 68608K, used 9446K [0x00000000a0000000, 0x00000000a4300000, 0x00000000e0000000)
  object space 68608K, 13% used [0x00000000a0000000,0x00000000a0939b20,0x00000000a4300000)
 Metaspace       used 29890K, capacity 30548K, committed 30720K, reserved 1075200K
  class space    used 4098K, capacity 4310K, committed 4352K, reserved 1048576K
}
Event: 6.509 GC heap before
{Heap before GC invocations=9 (full 1):
 PSYoungGen      total 55296K, used 51422K [0x00000000e0000000, 0x00000000e5100000, 0x0000000100000000)
  eden space 44544K, 100% used [0x00000000e0000000,0x00000000e2b80000,0x00000000e2b80000)
  from space 10752K, 63% used [0x00000000e2b80000,0x00000000e32378e8,0x00000000e3600000)
  to   space 10240K, 0% used [0x00000000e4700000,0x00000000e4700000,0x00000000e5100000)
 ParOldGen       total 68608K, used 9446K [0x00000000a0000000, 0x00000000a4300000, 0x00000000e0000000)
  object space 68608K, 13% used [0x00000000a0000000,0x00000000a0939b20,0x00000000a4300000)
 Metaspace       used 32205K, capacity 33070K, committed 33280K, reserved 1077248K
  class space    used 4364K, capacity 4578K, committed 4608K, reserved 1048576K
Event: 6.518 GC heap after
Heap after GC invocations=9 (full 1):
 PSYoungGen      total 71680K, used 8315K [0x00000000e0000000, 0x00000000e5100000, 0x0000000100000000)
  eden space 61440K, 0% used [0x00000000e0000000,0x00000000e0000000,0x00000000e3c00000)
  from space 10240K, 81% used [0x00000000e4700000,0x00000000e4f1efa0,0x00000000e5100000)
  to   space 10752K, 0% used [0x00000000e3c00000,0x00000000e3c00000,0x00000000e4680000)
 ParOldGen       total 68608K, used 9526K [0x00000000a0000000, 0x00000000a4300000, 0x00000000e0000000)
  object space 68608K, 13% used [0x00000000a0000000,0x00000000a094db30,0x00000000a4300000)
 Metaspace       used 32205K, capacity 33070K, committed 33280K, reserved 1077248K
  class space    used 4364K, capacity 4578K, committed 4608K, reserved 1048576K
}
Event: 6.725 GC heap before
{Heap before GC invocations=10 (full 1):
 PSYoungGen      total 71680K, used 26942K [0x00000000e0000000, 0x00000000e5100000, 0x0000000100000000)
  eden space 61440K, 30% used [0x00000000e0000000,0x00000000e1230b28,0x00000000e3c00000)
  from space 10240K, 81% used [0x00000000e4700000,0x00000000e4f1efa0,0x00000000e5100000)
  to   space 10752K, 0% used [0x00000000e3c00000,0x00000000e3c00000,0x00000000e4680000)
 ParOldGen       total 68608K, used 9526K [0x00000000a0000000, 0x00000000a4300000, 0x00000000e0000000)
  object space 68608K, 13% used [0x00000000a0000000,0x00000000a094db30,0x00000000a4300000)
 Metaspace       used 34558K, capacity 35258K, committed 35456K, reserved 1079296K
  class space    used 4669K, capacity 4882K, committed 4992K, reserved 1048576K
Event: 6.737 GC heap after
Heap after GC invocations=10 (full 1):
 PSYoungGen      total 72192K, used 9410K [0x00000000e0000000, 0x00000000e6500000, 0x0000000100000000)
  eden space 61440K, 0% used [0x00000000e0000000,0x00000000e0000000,0x00000000e3c00000)
  from space 10752K, 87% used [0x00000000e3c00000,0x00000000e45308b0,0x00000000e4680000)
  to   space 11264K, 0% used [0x00000000e5a00000,0x00000000e5a00000,0x00000000e6500000)
 ParOldGen       total 68608K, used 9534K [0x00000000a0000000, 0x00000000a4300000, 0x00000000e0000000)
  object space 68608K, 13% used [0x00000000a0000000,0x00000000a094fb30,0x00000000a4300000)
 Metaspace       used 34558K, capacity 35258K, committed 35456K, reserved 1079296K
  class space    used 4669K, capacity 4882K, committed 4992K, reserved 1048576K
}
Event: 6.737 GC heap before
{Heap before GC invocations=11 (full 2):
 PSYoungGen      total 72192K, used 9410K [0x00000000e0000000, 0x00000000e6500000, 0x0000000100000000)
  eden space 61440K, 0% used [0x00000000e0000000,0x00000000e0000000,0x00000000e3c00000)
  from space 10752K, 87% used [0x00000000e3c00000,0x00000000e45308b0,0x00000000e4680000)
  to   space 11264K, 0% used [0x00000000e5a00000,0x00000000e5a00000,0x00000000e6500000)
 ParOldGen       total 68608K, used 9534K [0x00000000a0000000, 0x00000000a4300000, 0x00000000e0000000)
  object space 68608K, 13% used [0x00000000a0000000,0x00000000a094fb30,0x00000000a4300000)
 Metaspace       used 34558K, capacity 35258K, committed 35456K, reserved 1079296K
  class space    used 4669K, capacity 4882K, committed 4992K, reserved 1048576K
Event: 6.850 GC heap after
Heap after GC invocations=11 (full 2):
 PSYoungGen      total 72192K, used 0K [0x00000000e0000000, 0x00000000e6500000, 0x0000000100000000)
  eden space 61440K, 0% used [0x00000000e0000000,0x00000000e0000000,0x00000000e3c00000)
  from space 10752K, 0% used [0x00000000e3c00000,0x00000000e3c00000,0x00000000e4680000)
  to   space 11264K, 0% used [0x00000000e5a00000,0x00000000e5a00000,0x00000000e6500000)
 ParOldGen       total 68608K, used 15733K [0x00000000a0000000, 0x00000000a4300000, 0x00000000e0000000)
  object space 68608K, 22% used [0x00000000a0000000,0x00000000a0f5d6f0,0x00000000a4300000)
 Metaspace       used 34558K, capacity 35258K, committed 35456K, reserved 1079296K
  class space    used 4669K, capacity 4882K, committed 4992K, reserved 1048576K
}

