# JRE version: OpenJDK Runtime Environment (8.0_112-b06) (build 1.8.0_112-release-b06)
# Java VM: OpenJDK 64-Bit Server VM (25.112-b06 mixed mode windows-amd64 compressed oops)
Heap:
 PSYoungGen      total 70144K, used 43263K [0x00000000e0000000, 0x00000000e4f00000, 0x0000000100000000)
  eden space 59392K, 72% used [0x00000000e0000000,0x00000000e2a3fd40,0x00000000e3a00000)
  from space 10752K, 0% used [0x00000000e3a00000,0x00000000e3a00000,0x00000000e4480000)
  to   space 9728K, 0% used [0x00000000e4500000,0x00000000e4500000,0x00000000e4e80000)
 ParOldGen       total 68096K, used 15453K [0x00000000a0000000, 0x00000000a4280000, 0x00000000e0000000)
  object space 68096K, 22% used [0x00000000a0000000,0x00000000a0f17720,0x00000000a4280000)
 Metaspace       used 37225K, capacity 37904K, committed 38272K, reserved 1083392K
  class space    used 4960K, capacity 5165K, committed 5248K, reserved 1048576K
GC Heap History (10 events):
Event: 8.531 GC heap before
{Heap before GC invocations=7 (full 1):
 PSYoungGen      total 37888K, used 37343K [0x00000000e0000000, 0x00000000e4080000, 0x0000000100000000)
  eden space 32768K, 100% used [0x00000000e0000000,0x00000000e2000000,0x00000000e2000000)
  from space 5120K, 89% used [0x00000000e2000000,0x00000000e2477c10,0x00000000e2500000)
  to   space 10752K, 0% used [0x00000000e3600000,0x00000000e3600000,0x00000000e4080000)
 ParOldGen       total 68096K, used 9070K [0x00000000a0000000, 0x00000000a4280000, 0x00000000e0000000)
  object space 68096K, 13% used [0x00000000a0000000,0x00000000a08db8b8,0x00000000a4280000)
 Metaspace       used 26018K, capacity 26432K, committed 26752K, reserved 1073152K
  class space    used 3580K, capacity 3693K, committed 3712K, reserved 1048576K
Event: 8.539 GC heap after
Heap after GC invocations=7 (full 1):
 PSYoungGen      total 55296K, used 5247K [0x00000000e0000000, 0x00000000e4000000, 0x0000000100000000)
  eden space 45056K, 0% used [0x00000000e0000000,0x00000000e0000000,0x00000000e2c00000)
  from space 10240K, 51% used [0x00000000e3600000,0x00000000e3b1fdc0,0x00000000e4000000)
  to   space 10240K, 0% used [0x00000000e2c00000,0x00000000e2c00000,0x00000000e3600000)
 ParOldGen       total 68096K, used 9078K [0x00000000a0000000, 0x00000000a4280000, 0x00000000e0000000)
  object space 68096K, 13% used [0x00000000a0000000,0x00000000a08dd8b8,0x00000000a4280000)
 Metaspace       used 26018K, capacity 26432K, committed 26752K, reserved 1073152K
  class space    used 3580K, capacity 3693K, committed 3712K, reserved 1048576K
}
Event: 11.759 GC heap before
{Heap before GC invocations=8 (full 1):
 PSYoungGen      total 55296K, used 50303K [0x00000000e0000000, 0x00000000e4000000, 0x0000000100000000)
  eden space 45056K, 100% used [0x00000000e0000000,0x00000000e2c00000,0x00000000e2c00000)
  from space 10240K, 51% used [0x00000000e3600000,0x00000000e3b1fdc0,0x00000000e4000000)
  to   space 10240K, 0% used [0x00000000e2c00000,0x00000000e2c00000,0x00000000e3600000)
 ParOldGen       total 68096K, used 9078K [0x00000000a0000000, 0x00000000a4280000, 0x00000000e0000000)
  object space 68096K, 13% used [0x00000000a0000000,0x00000000a08dd8b8,0x00000000a4280000)
 Metaspace       used 28800K, capacity 29280K, committed 29440K, reserved 1075200K
  class space    used 3904K, capacity 4045K, committed 4096K, reserved 1048576K
Event: 11.773 GC heap after
Heap after GC invocations=8 (full 1):
 PSYoungGen      total 55296K, used 5648K [0x00000000e0000000, 0x00000000e4e80000, 0x0000000100000000)
  eden space 45056K, 0% used [0x00000000e0000000,0x00000000e0000000,0x00000000e2c00000)
  from space 10240K, 55% used [0x00000000e2c00000,0x00000000e3184030,0x00000000e3600000)
  to   space 9728K, 0% used [0x00000000e4500000,0x00000000e4500000,0x00000000e4e80000)
 ParOldGen       total 68096K, used 9086K [0x00000000a0000000, 0x00000000a4280000, 0x00000000e0000000)
  object space 68096K, 13% used [0x00000000a0000000,0x00000000a08df8b8,0x00000000a4280000)
 Metaspace       used 28800K, capacity 29280K, committed 29440K, reserved 1075200K
  class space    used 3904K, capacity 4045K, committed 4096K, reserved 1048576K
}
Event: 22.252 GC heap before
{Heap before GC invocations=9 (full 1):
 PSYoungGen      total 55296K, used 50704K [0x00000000e0000000, 0x00000000e4e80000, 0x0000000100000000)
  eden space 45056K, 100% used [0x00000000e0000000,0x00000000e2c00000,0x00000000e2c00000)
  from space 10240K, 55% used [0x00000000e2c00000,0x00000000e3184030,0x00000000e3600000)
  to   space 9728K, 0% used [0x00000000e4500000,0x00000000e4500000,0x00000000e4e80000)
 ParOldGen       total 68096K, used 9086K [0x00000000a0000000, 0x00000000a4280000, 0x00000000e0000000)
  object space 68096K, 13% used [0x00000000a0000000,0x00000000a08df8b8,0x00000000a4280000)
 Metaspace       used 32712K, capacity 33286K, committed 33536K, reserved 1079296K
  class space    used 4377K, capacity 4513K, committed 4608K, reserved 1048576K
Event: 22.281 GC heap after
Heap after GC invocations=9 (full 1):
 PSYoungGen      total 69120K, used 8912K [0x00000000e0000000, 0x00000000e4f00000, 0x0000000100000000)
  eden space 59392K, 0% used [0x00000000e0000000,0x00000000e0000000,0x00000000e3a00000)
  from space 9728K, 91% used [0x00000000e4500000,0x00000000e4db4070,0x00000000e4e80000)
  to   space 10752K, 0% used [0x00000000e3a00000,0x00000000e3a00000,0x00000000e4480000)
 ParOldGen       total 68096K, used 9094K [0x00000000a0000000, 0x00000000a4280000, 0x00000000e0000000)
  object space 68096K, 13% used [0x00000000a0000000,0x00000000a08e18b8,0x00000000a4280000)
 Metaspace       used 32712K, capacity 33286K, committed 33536K, reserved 1079296K
  class space    used 4377K, capacity 4513K, committed 4608K, reserved 1048576K
}
Event: 24.717 GC heap before
{Heap before GC invocations=10 (full 1):
 PSYoungGen      total 69120K, used 54948K [0x00000000e0000000, 0x00000000e4f00000, 0x0000000100000000)
  eden space 59392K, 77% used [0x00000000e0000000,0x00000000e2cf50c0,0x00000000e3a00000)
  from space 9728K, 91% used [0x00000000e4500000,0x00000000e4db4070,0x00000000e4e80000)
  to   space 10752K, 0% used [0x00000000e3a00000,0x00000000e3a00000,0x00000000e4480000)
 ParOldGen       total 68096K, used 9094K [0x00000000a0000000, 0x00000000a4280000, 0x00000000e0000000)
  object space 68096K, 13% used [0x00000000a0000000,0x00000000a08e18b8,0x00000000a4280000)
 Metaspace       used 34822K, capacity 35350K, committed 35496K, reserved 1079296K
  class space    used 4654K, capacity 4815K, committed 4864K, reserved 1048576K
Event: 24.733 GC heap after
Heap after GC invocations=10 (full 1):
 PSYoungGen      total 70144K, used 9166K [0x00000000e0000000, 0x00000000e4f00000, 0x0000000100000000)
  eden space 59392K, 0% used [0x00000000e0000000,0x00000000e0000000,0x00000000e3a00000)
  from space 10752K, 85% used [0x00000000e3a00000,0x00000000e42f3a10,0x00000000e4480000)
  to   space 9728K, 0% used [0x00000000e4500000,0x00000000e4500000,0x00000000e4e80000)
 ParOldGen       total 68096K, used 9166K [0x00000000a0000000, 0x00000000a4280000, 0x00000000e0000000)
  object space 68096K, 13% used [0x00000000a0000000,0x00000000a08f38c8,0x00000000a4280000)
 Metaspace       used 34822K, capacity 35350K, committed 35496K, reserved 1079296K
  class space    used 4654K, capacity 4815K, committed 4864K, reserved 1048576K
}
Event: 24.733 GC heap before
{Heap before GC invocations=11 (full 2):
 PSYoungGen      total 70144K, used 9166K [0x00000000e0000000, 0x00000000e4f00000, 0x0000000100000000)
  eden space 59392K, 0% used [0x00000000e0000000,0x00000000e0000000,0x00000000e3a00000)
  from space 10752K, 85% used [0x00000000e3a00000,0x00000000e42f3a10,0x00000000e4480000)
  to   space 9728K, 0% used [0x00000000e4500000,0x00000000e4500000,0x00000000e4e80000)
 ParOldGen       total 68096K, used 9166K [0x00000000a0000000, 0x00000000a4280000, 0x00000000e0000000)
  object space 68096K, 13% used [0x00000000a0000000,0x00000000a08f38c8,0x00000000a4280000)
 Metaspace       used 34822K, capacity 35350K, committed 35496K, reserved 1079296K
  class space    used 4654K, capacity 4815K, committed 4864K, reserved 1048576K
Event: 24.889 GC heap after
Heap after GC invocations=11 (full 2):
 PSYoungGen      total 70144K, used 0K [0x00000000e0000000, 0x00000000e4f00000, 0x0000000100000000)
  eden space 59392K, 0% used [0x00000000e0000000,0x00000000e0000000,0x00000000e3a00000)
  from space 10752K, 0% used [0x00000000e3a00000,0x00000000e3a00000,0x00000000e4480000)
  to   space 9728K, 0% used [0x00000000e4500000,0x00000000e4500000,0x00000000e4e80000)
 ParOldGen       total 68096K, used 15453K [0x00000000a0000000, 0x00000000a4280000, 0x00000000e0000000)
  object space 68096K, 22% used [0x00000000a0000000,0x00000000a0f17720,0x00000000a4280000)
 Metaspace       used 34822K, capacity 35350K, committed 35496K, reserved 1079296K
  class space    used 4654K, capacity 4815K, committed 4864K, reserved 1048576K
}

