# JRE version: OpenJDK Runtime Environment (8.0_112-b06) (build 1.8.0_112-release-b06)
# Java VM: OpenJDK 64-Bit Server VM (25.112-b06 mixed mode windows-amd64 compressed oops)
Heap:
 PSYoungGen      total 77824K, used 62041K [0x00000000e0000000, 0x00000000e5880000, 0x0000000100000000)
  eden space 66560K, 85% used [0x00000000e0000000,0x00000000e37dd410,0x00000000e4100000)
  from space 11264K, 42% used [0x00000000e4c00000,0x00000000e50b9278,0x00000000e5700000)
  to   space 11264K, 0% used [0x00000000e4100000,0x00000000e4100000,0x00000000e4c00000)
 ParOldGen       total 105984K, used 16065K [0x00000000a0000000, 0x00000000a6780000, 0x00000000e0000000)
  object space 105984K, 15% used [0x00000000a0000000,0x00000000a0fb0600,0x00000000a6780000)
 Metaspace       used 39744K, capacity 40796K, committed 40960K, reserved 1085440K
  class space    used 5363K, capacity 5623K, committed 5632K, reserved 1048576K
GC Heap History (10 events):
Event: 6.267 GC heap before
{Heap before GC invocations=8 (full 1):
 PSYoungGen      total 53248K, used 48960K [0x00000000e0000000, 0x00000000e3f00000, 0x0000000100000000)
  eden space 43008K, 100% used [0x00000000e0000000,0x00000000e2a00000,0x00000000e2a00000)
  from space 10240K, 58% used [0x00000000e3500000,0x00000000e3ad0018,0x00000000e3f00000)
  to   space 10752K, 0% used [0x00000000e2a00000,0x00000000e2a00000,0x00000000e3480000)
 ParOldGen       total 69120K, used 9487K [0x00000000a0000000, 0x00000000a4380000, 0x00000000e0000000)
  object space 69120K, 13% used [0x00000000a0000000,0x00000000a0943f48,0x00000000a4380000)
 Metaspace       used 29910K, capacity 30612K, committed 30720K, reserved 1075200K
  class space    used 4103K, capacity 4310K, committed 4352K, reserved 1048576K
Event: 6.276 GC heap after
Heap after GC invocations=8 (full 1):
 PSYoungGen      total 53760K, used 6806K [0x00000000e0000000, 0x00000000e4a80000, 0x0000000100000000)
  eden space 43008K, 0% used [0x00000000e0000000,0x00000000e0000000,0x00000000e2a00000)
  from space 10752K, 63% used [0x00000000e2a00000,0x00000000e30a5ad0,0x00000000e3480000)
  to   space 10240K, 0% used [0x00000000e4080000,0x00000000e4080000,0x00000000e4a80000)
 ParOldGen       total 69120K, used 9559K [0x00000000a0000000, 0x00000000a4380000, 0x00000000e0000000)
  object space 69120K, 13% used [0x00000000a0000000,0x00000000a0955f58,0x00000000a4380000)
 Metaspace       used 29910K, capacity 30612K, committed 30720K, reserved 1075200K
  class space    used 4103K, capacity 4310K, committed 4352K, reserved 1048576K
}
Event: 10.184 GC heap before
{Heap before GC invocations=9 (full 1):
 PSYoungGen      total 53760K, used 49814K [0x00000000e0000000, 0x00000000e4a80000, 0x0000000100000000)
  eden space 43008K, 100% used [0x00000000e0000000,0x00000000e2a00000,0x00000000e2a00000)
  from space 10752K, 63% used [0x00000000e2a00000,0x00000000e30a5ad0,0x00000000e3480000)
  to   space 10240K, 0% used [0x00000000e4080000,0x00000000e4080000,0x00000000e4a80000)
 ParOldGen       total 69120K, used 9559K [0x00000000a0000000, 0x00000000a4380000, 0x00000000e0000000)
  object space 69120K, 13% used [0x00000000a0000000,0x00000000a0955f58,0x00000000a4380000)
 Metaspace       used 31431K, capacity 32160K, committed 32384K, reserved 1077248K
  class space    used 4280K, capacity 4467K, committed 4480K, reserved 1048576K
Event: 10.195 GC heap after
Heap after GC invocations=9 (full 1):
 PSYoungGen      total 62976K, used 7707K [0x00000000e0000000, 0x00000000e4900000, 0x0000000100000000)
  eden space 54272K, 0% used [0x00000000e0000000,0x00000000e0000000,0x00000000e3500000)
  from space 8704K, 88% used [0x00000000e4080000,0x00000000e4806da8,0x00000000e4900000)
  to   space 10240K, 0% used [0x00000000e3500000,0x00000000e3500000,0x00000000e3f00000)
 ParOldGen       total 69120K, used 9567K [0x00000000a0000000, 0x00000000a4380000, 0x00000000e0000000)
  object space 69120K, 13% used [0x00000000a0000000,0x00000000a0957f58,0x00000000a4380000)
 Metaspace       used 31431K, capacity 32160K, committed 32384K, reserved 1077248K
  class space    used 4280K, capacity 4467K, committed 4480K, reserved 1048576K
}
Event: 10.460 GC heap before
{Heap before GC invocations=10 (full 1):
 PSYoungGen      total 62976K, used 27306K [0x00000000e0000000, 0x00000000e4900000, 0x0000000100000000)
  eden space 54272K, 36% used [0x00000000e0000000,0x00000000e1323ce0,0x00000000e3500000)
  from space 8704K, 88% used [0x00000000e4080000,0x00000000e4806da8,0x00000000e4900000)
  to   space 10240K, 0% used [0x00000000e3500000,0x00000000e3500000,0x00000000e3f00000)
 ParOldGen       total 69120K, used 9567K [0x00000000a0000000, 0x00000000a4380000, 0x00000000e0000000)
  object space 69120K, 13% used [0x00000000a0000000,0x00000000a0957f58,0x00000000a4380000)
 Metaspace       used 34414K, capacity 35258K, committed 35456K, reserved 1079296K
  class space    used 4645K, capacity 4882K, committed 4992K, reserved 1048576K
Event: 10.468 GC heap after
Heap after GC invocations=10 (full 1):
 PSYoungGen      total 64512K, used 9814K [0x00000000e0000000, 0x00000000e5700000, 0x0000000100000000)
  eden space 54272K, 0% used [0x00000000e0000000,0x00000000e0000000,0x00000000e3500000)
  from space 10240K, 95% used [0x00000000e3500000,0x00000000e3e95a10,0x00000000e3f00000)
  to   space 11264K, 0% used [0x00000000e4c00000,0x00000000e4c00000,0x00000000e5700000)
 ParOldGen       total 69120K, used 9575K [0x00000000a0000000, 0x00000000a4380000, 0x00000000e0000000)
  object space 69120K, 13% used [0x00000000a0000000,0x00000000a0959f58,0x00000000a4380000)
 Metaspace       used 34414K, capacity 35258K, committed 35456K, reserved 1079296K
  class space    used 4645K, capacity 4882K, committed 4992K, reserved 1048576K
}
Event: 10.468 GC heap before
{Heap before GC invocations=11 (full 2):
 PSYoungGen      total 64512K, used 9814K [0x00000000e0000000, 0x00000000e5700000, 0x0000000100000000)
  eden space 54272K, 0% used [0x00000000e0000000,0x00000000e0000000,0x00000000e3500000)
  from space 10240K, 95% used [0x00000000e3500000,0x00000000e3e95a10,0x00000000e3f00000)
  to   space 11264K, 0% used [0x00000000e4c00000,0x00000000e4c00000,0x00000000e5700000)
 ParOldGen       total 69120K, used 9575K [0x00000000a0000000, 0x00000000a4380000, 0x00000000e0000000)
  object space 69120K, 13% used [0x00000000a0000000,0x00000000a0959f58,0x00000000a4380000)
 Metaspace       used 34414K, capacity 35258K, committed 35456K, reserved 1079296K
  class space    used 4645K, capacity 4882K, committed 4992K, reserved 1048576K
Event: 10.556 GC heap after
Heap after GC invocations=11 (full 2):
 PSYoungGen      total 64512K, used 0K [0x00000000e0000000, 0x00000000e5700000, 0x0000000100000000)
  eden space 54272K, 0% used [0x00000000e0000000,0x00000000e0000000,0x00000000e3500000)
  from space 10240K, 0% used [0x00000000e3500000,0x00000000e3500000,0x00000000e3f00000)
  to   space 11264K, 0% used [0x00000000e4c00000,0x00000000e4c00000,0x00000000e5700000)
 ParOldGen       total 105984K, used 16057K [0x00000000a0000000, 0x00000000a6780000, 0x00000000e0000000)
  object space 105984K, 15% used [0x00000000a0000000,0x00000000a0fae600,0x00000000a6780000)
 Metaspace       used 34414K, capacity 35258K, committed 35456K, reserved 1079296K
  class space    used 4645K, capacity 4882K, committed 4992K, reserved 1048576K
}
Event: 11.182 GC heap before
{Heap before GC invocations=12 (full 2):
 PSYoungGen      total 64512K, used 54272K [0x00000000e0000000, 0x00000000e5700000, 0x0000000100000000)
  eden space 54272K, 100% used [0x00000000e0000000,0x00000000e3500000,0x00000000e3500000)
  from space 10240K, 0% used [0x00000000e3500000,0x00000000e3500000,0x00000000e3f00000)
  to   space 11264K, 0% used [0x00000000e4c00000,0x00000000e4c00000,0x00000000e5700000)
 ParOldGen       total 105984K, used 16057K [0x00000000a0000000, 0x00000000a6780000, 0x00000000e0000000)
  object space 105984K, 15% used [0x00000000a0000000,0x00000000a0fae600,0x00000000a6780000)
 Metaspace       used 37617K, capacity 38446K, committed 38656K, reserved 1083392K
  class space    used 5034K, capacity 5250K, committed 5376K, reserved 1048576K
Event: 11.189 GC heap after
Heap after GC invocations=12 (full 2):
 PSYoungGen      total 77824K, used 4836K [0x00000000e0000000, 0x00000000e5880000, 0x0000000100000000)
  eden space 66560K, 0% used [0x00000000e0000000,0x00000000e0000000,0x00000000e4100000)
  from space 11264K, 42% used [0x00000000e4c00000,0x00000000e50b9278,0x00000000e5700000)
  to   space 11264K, 0% used [0x00000000e4100000,0x00000000e4100000,0x00000000e4c00000)
 ParOldGen       total 105984K, used 16065K [0x00000000a0000000, 0x00000000a6780000, 0x00000000e0000000)
  object space 105984K, 15% used [0x00000000a0000000,0x00000000a0fb0600,0x00000000a6780000)
 Metaspace       used 37617K, capacity 38446K, committed 38656K, reserved 1083392K
  class space    used 5034K, capacity 5250K, committed 5376K, reserved 1048576K
}

