# JRE version: OpenJDK Runtime Environment (8.0_112-b06) (build 1.8.0_112-release-b06)
# Java VM: OpenJDK 64-Bit Server VM (25.112-b06 mixed mode windows-amd64 compressed oops)
Heap:
 PSYoungGen      total 190976K, used 81176K [0x00000000e0000000, 0x00000000f0a80000, 0x0000000100000000)
  eden space 182784K, 39% used [0x00000000e0000000,0x00000000e474d618,0x00000000eb280000)
  from space 8192K, 99% used [0x00000000f0280000,0x00000000f0a78a68,0x00000000f0a80000)
  to   space 24064K, 0% used [0x00000000edb80000,0x00000000edb80000,0x00000000ef300000)
 ParOldGen       total 151552K, used 47011K [0x00000000a0000000, 0x00000000a9400000, 0x00000000e0000000)
  object space 151552K, 31% used [0x00000000a0000000,0x00000000a2de8e18,0x00000000a9400000)
 Metaspace       used 63409K, capacity 66086K, committed 66136K, reserved 1105920K
  class space    used 8478K, capacity 9038K, committed 9088K, reserved 1048576K
GC Heap History (10 events):
Event: 17.980 GC heap before
{Heap before GC invocations=11 (full 2):
 PSYoungGen      total 163840K, used 162236K [0x00000000e0000000, 0x00000000ead00000, 0x0000000100000000)
  eden space 151552K, 100% used [0x00000000e0000000,0x00000000e9400000,0x00000000e9400000)
  from space 12288K, 86% used [0x00000000ea100000,0x00000000eab6f330,0x00000000ead00000)
  to   space 12800K, 0% used [0x00000000e9400000,0x00000000e9400000,0x00000000ea080000)
 ParOldGen       total 90112K, used 17395K [0x00000000a0000000, 0x00000000a5800000, 0x00000000e0000000)
  object space 90112K, 19% used [0x00000000a0000000,0x00000000a10fcc30,0x00000000a5800000)
 Metaspace       used 49069K, capacity 50782K, committed 50944K, reserved 1093632K
  class space    used 6687K, capacity 7078K, committed 7168K, reserved 1048576K
Event: 18.011 GC heap after
Heap after GC invocations=11 (full 2):
 PSYoungGen      total 164352K, used 12788K [0x00000000e0000000, 0x00000000ee180000, 0x0000000100000000)
  eden space 151552K, 0% used [0x00000000e0000000,0x00000000e0000000,0x00000000e9400000)
  from space 12800K, 99% used [0x00000000e9400000,0x00000000ea07d380,0x00000000ea080000)
  to   space 17920K, 0% used [0x00000000ed000000,0x00000000ed000000,0x00000000ee180000)
 ParOldGen       total 90112K, used 25861K [0x00000000a0000000, 0x00000000a5800000, 0x00000000e0000000)
  object space 90112K, 28% used [0x00000000a0000000,0x00000000a1941660,0x00000000a5800000)
 Metaspace       used 49069K, capacity 50782K, committed 50944K, reserved 1093632K
  class space    used 6687K, capacity 7078K, committed 7168K, reserved 1048576K
}
Event: 22.657 GC heap before
{Heap before GC invocations=12 (full 2):
 PSYoungGen      total 164352K, used 164340K [0x00000000e0000000, 0x00000000ee180000, 0x0000000100000000)
  eden space 151552K, 100% used [0x00000000e0000000,0x00000000e9400000,0x00000000e9400000)
  from space 12800K, 99% used [0x00000000e9400000,0x00000000ea07d380,0x00000000ea080000)
  to   space 17920K, 0% used [0x00000000ed000000,0x00000000ed000000,0x00000000ee180000)
 ParOldGen       total 90112K, used 25861K [0x00000000a0000000, 0x00000000a5800000, 0x00000000e0000000)
  object space 90112K, 28% used [0x00000000a0000000,0x00000000a1941660,0x00000000a5800000)
 Metaspace       used 53758K, capacity 55980K, committed 56192K, reserved 1097728K
  class space    used 7319K, capacity 7761K, committed 7808K, reserved 1048576K
Event: 22.688 GC heap after
Heap after GC invocations=12 (full 2):
 PSYoungGen      total 206848K, used 17889K [0x00000000e0000000, 0x00000000eeb80000, 0x0000000100000000)
  eden space 188928K, 0% used [0x00000000e0000000,0x00000000e0000000,0x00000000eb880000)
  from space 17920K, 99% used [0x00000000ed000000,0x00000000ee178710,0x00000000ee180000)
  to   space 24064K, 0% used [0x00000000eb880000,0x00000000eb880000,0x00000000ed000000)
 ParOldGen       total 90112K, used 37119K [0x00000000a0000000, 0x00000000a5800000, 0x00000000e0000000)
  object space 90112K, 41% used [0x00000000a0000000,0x00000000a243fe70,0x00000000a5800000)
 Metaspace       used 53758K, capacity 55980K, committed 56192K, reserved 1097728K
  class space    used 7319K, capacity 7761K, committed 7808K, reserved 1048576K
}
Event: 25.647 GC heap before
{Heap before GC invocations=13 (full 2):
 PSYoungGen      total 206848K, used 94050K [0x00000000e0000000, 0x00000000eeb80000, 0x0000000100000000)
  eden space 188928K, 40% used [0x00000000e0000000,0x00000000e4a60498,0x00000000eb880000)
  from space 17920K, 99% used [0x00000000ed000000,0x00000000ee178710,0x00000000ee180000)
  to   space 24064K, 0% used [0x00000000eb880000,0x00000000eb880000,0x00000000ed000000)
 ParOldGen       total 90112K, used 37119K [0x00000000a0000000, 0x00000000a5800000, 0x00000000e0000000)
  object space 90112K, 41% used [0x00000000a0000000,0x00000000a243fe70,0x00000000a5800000)
 Metaspace       used 56710K, capacity 59040K, committed 59096K, reserved 1099776K
  class space    used 7668K, capacity 8149K, committed 8192K, reserved 1048576K
Event: 25.676 GC heap after
Heap after GC invocations=13 (full 2):
 PSYoungGen      total 212992K, used 15513K [0x00000000e0000000, 0x00000000f1a80000, 0x0000000100000000)
  eden space 188928K, 0% used [0x00000000e0000000,0x00000000e0000000,0x00000000eb880000)
  from space 24064K, 64% used [0x00000000eb880000,0x00000000ec7a6750,0x00000000ed000000)
  to   space 24576K, 0% used [0x00000000f0280000,0x00000000f0280000,0x00000000f1a80000)
 ParOldGen       total 90112K, used 46479K [0x00000000a0000000, 0x00000000a5800000, 0x00000000e0000000)
  object space 90112K, 51% used [0x00000000a0000000,0x00000000a2d63d68,0x00000000a5800000)
 Metaspace       used 56710K, capacity 59040K, committed 59096K, reserved 1099776K
  class space    used 7668K, capacity 8149K, committed 8192K, reserved 1048576K
}
Event: 25.676 GC heap before
{Heap before GC invocations=14 (full 3):
 PSYoungGen      total 212992K, used 15513K [0x00000000e0000000, 0x00000000f1a80000, 0x0000000100000000)
  eden space 188928K, 0% used [0x00000000e0000000,0x00000000e0000000,0x00000000eb880000)
  from space 24064K, 64% used [0x00000000eb880000,0x00000000ec7a6750,0x00000000ed000000)
  to   space 24576K, 0% used [0x00000000f0280000,0x00000000f0280000,0x00000000f1a80000)
 ParOldGen       total 90112K, used 46479K [0x00000000a0000000, 0x00000000a5800000, 0x00000000e0000000)
  object space 90112K, 51% used [0x00000000a0000000,0x00000000a2d63d68,0x00000000a5800000)
 Metaspace       used 56710K, capacity 59040K, committed 59096K, reserved 1099776K
  class space    used 7668K, capacity 8149K, committed 8192K, reserved 1048576K
Event: 25.955 GC heap after
Heap after GC invocations=14 (full 3):
 PSYoungGen      total 212992K, used 0K [0x00000000e0000000, 0x00000000f1a80000, 0x0000000100000000)
  eden space 188928K, 0% used [0x00000000e0000000,0x00000000e0000000,0x00000000eb880000)
  from space 24064K, 0% used [0x00000000eb880000,0x00000000eb880000,0x00000000ed000000)
  to   space 24576K, 0% used [0x00000000f0280000,0x00000000f0280000,0x00000000f1a80000)
 ParOldGen       total 151552K, used 47003K [0x00000000a0000000, 0x00000000a9400000, 0x00000000e0000000)
  object space 151552K, 31% used [0x00000000a0000000,0x00000000a2de6e18,0x00000000a9400000)
 Metaspace       used 56710K, capacity 59040K, committed 59096K, reserved 1099776K
  class space    used 7668K, capacity 8149K, committed 8192K, reserved 1048576K
}
Event: 9259.972 GC heap before
{Heap before GC invocations=15 (full 3):
 PSYoungGen      total 212992K, used 188928K [0x00000000e0000000, 0x00000000f1a80000, 0x0000000100000000)
  eden space 188928K, 100% used [0x00000000e0000000,0x00000000eb880000,0x00000000eb880000)
  from space 24064K, 0% used [0x00000000eb880000,0x00000000eb880000,0x00000000ed000000)
  to   space 24576K, 0% used [0x00000000f0280000,0x00000000f0280000,0x00000000f1a80000)
 ParOldGen       total 151552K, used 47003K [0x00000000a0000000, 0x00000000a9400000, 0x00000000e0000000)
  object space 151552K, 31% used [0x00000000a0000000,0x00000000a2de6e18,0x00000000a9400000)
 Metaspace       used 58781K, capacity 61398K, committed 61400K, reserved 1101824K
  class space    used 7905K, capacity 8446K, committed 8448K, reserved 1048576K
Event: 9260.161 GC heap after
Heap after GC invocations=15 (full 3):
 PSYoungGen      total 190976K, used 8162K [0x00000000e0000000, 0x00000000f0a80000, 0x0000000100000000)
  eden space 182784K, 0% used [0x00000000e0000000,0x00000000e0000000,0x00000000eb280000)
  from space 8192K, 99% used [0x00000000f0280000,0x00000000f0a78a68,0x00000000f0a80000)
  to   space 24064K, 0% used [0x00000000edb80000,0x00000000edb80000,0x00000000ef300000)
 ParOldGen       total 151552K, used 47011K [0x00000000a0000000, 0x00000000a9400000, 0x00000000e0000000)
  object space 151552K, 31% used [0x00000000a0000000,0x00000000a2de8e18,0x00000000a9400000)
 Metaspace       used 58781K, capacity 61398K, committed 61400K, reserved 1101824K
  class space    used 7905K, capacity 8446K, committed 8448K, reserved 1048576K
}

