# JRE version: OpenJDK Runtime Environment (8.0_112-b06) (build 1.8.0_112-release-b06)
# Java VM: OpenJDK 64-Bit Server VM (25.112-b06 mixed mode windows-amd64 compressed oops)
Heap:
 PSYoungGen      total 134144K, used 18101K [0x00000000e0000000, 0x00000000eae00000, 0x0000000100000000)
  eden space 120832K, 3% used [0x00000000e0000000,0x00000000e04ada98,0x00000000e7600000)
  from space 13312K, 99% used [0x00000000e7600000,0x00000000e82ffcf0,0x00000000e8300000)
  to   space 16896K, 0% used [0x00000000e9d80000,0x00000000e9d80000,0x00000000eae00000)
 ParOldGen       total 108544K, used 22584K [0x00000000a0000000, 0x00000000a6a00000, 0x00000000e0000000)
  object space 108544K, 20% used [0x00000000a0000000,0x00000000a160e018,0x00000000a6a00000)
 Metaspace       used 48348K, capacity 49408K, committed 49792K, reserved 1091584K
  class space    used 6387K, capacity 6660K, committed 6784K, reserved 1048576K
GC Heap History (10 events):
Event: 5.511 GC heap before
{Heap before GC invocations=7 (full 1):
 PSYoungGen      total 70656K, used 70650K [0x00000000e0000000, 0x00000000e6e80000, 0x0000000100000000)
  eden space 65536K, 100% used [0x00000000e0000000,0x00000000e4000000,0x00000000e4000000)
  from space 5120K, 99% used [0x00000000e4000000,0x00000000e44feb28,0x00000000e4500000)
  to   space 10752K, 0% used [0x00000000e6400000,0x00000000e6400000,0x00000000e6e80000)
 ParOldGen       total 66048K, used 11843K [0x00000000a0000000, 0x00000000a4080000, 0x00000000e0000000)
  object space 66048K, 17% used [0x00000000a0000000,0x00000000a0b90ef0,0x00000000a4080000)
 Metaspace       used 29424K, capacity 29956K, committed 30336K, reserved 1075200K
  class space    used 3982K, capacity 4145K, committed 4224K, reserved 1048576K
Event: 5.519 GC heap after
Heap after GC invocations=7 (full 1):
 PSYoungGen      total 96256K, used 6247K [0x00000000e0000000, 0x00000000e6b00000, 0x0000000100000000)
  eden space 89088K, 0% used [0x00000000e0000000,0x00000000e0000000,0x00000000e5700000)
  from space 7168K, 87% used [0x00000000e6400000,0x00000000e6a19c58,0x00000000e6b00000)
  to   space 10240K, 0% used [0x00000000e5700000,0x00000000e5700000,0x00000000e6100000)
 ParOldGen       total 66048K, used 11915K [0x00000000a0000000, 0x00000000a4080000, 0x00000000e0000000)
  object space 66048K, 18% used [0x00000000a0000000,0x00000000a0ba2f00,0x00000000a4080000)
 Metaspace       used 29424K, capacity 29956K, committed 30336K, reserved 1075200K
  class space    used 3982K, capacity 4145K, committed 4224K, reserved 1048576K
}
Event: 6.470 GC heap before
{Heap before GC invocations=8 (full 1):
 PSYoungGen      total 96256K, used 78052K [0x00000000e0000000, 0x00000000e6b00000, 0x0000000100000000)
  eden space 89088K, 80% used [0x00000000e0000000,0x00000000e461f450,0x00000000e5700000)
  from space 7168K, 87% used [0x00000000e6400000,0x00000000e6a19c58,0x00000000e6b00000)
  to   space 10240K, 0% used [0x00000000e5700000,0x00000000e5700000,0x00000000e6100000)
 ParOldGen       total 66048K, used 11915K [0x00000000a0000000, 0x00000000a4080000, 0x00000000e0000000)
  object space 66048K, 18% used [0x00000000a0000000,0x00000000a0ba2f00,0x00000000a4080000)
 Metaspace       used 34731K, capacity 35306K, committed 35496K, reserved 1079296K
  class space    used 4632K, capacity 4781K, committed 4864K, reserved 1048576K
Event: 6.486 GC heap after
Heap after GC invocations=8 (full 1):
 PSYoungGen      total 99328K, used 10225K [0x00000000e0000000, 0x00000000e8f80000, 0x0000000100000000)
  eden space 89088K, 0% used [0x00000000e0000000,0x00000000e0000000,0x00000000e5700000)
  from space 10240K, 99% used [0x00000000e5700000,0x00000000e60fc708,0x00000000e6100000)
  to   space 12288K, 0% used [0x00000000e8380000,0x00000000e8380000,0x00000000e8f80000)
 ParOldGen       total 66048K, used 13259K [0x00000000a0000000, 0x00000000a4080000, 0x00000000e0000000)
  object space 66048K, 20% used [0x00000000a0000000,0x00000000a0cf2ee0,0x00000000a4080000)
 Metaspace       used 34731K, capacity 35306K, committed 35496K, reserved 1079296K
  class space    used 4632K, capacity 4781K, committed 4864K, reserved 1048576K
}
Event: 6.486 GC heap before
{Heap before GC invocations=9 (full 2):
 PSYoungGen      total 99328K, used 10225K [0x00000000e0000000, 0x00000000e8f80000, 0x0000000100000000)
  eden space 89088K, 0% used [0x00000000e0000000,0x00000000e0000000,0x00000000e5700000)
  from space 10240K, 99% used [0x00000000e5700000,0x00000000e60fc708,0x00000000e6100000)
  to   space 12288K, 0% used [0x00000000e8380000,0x00000000e8380000,0x00000000e8f80000)
 ParOldGen       total 66048K, used 13259K [0x00000000a0000000, 0x00000000a4080000, 0x00000000e0000000)
  object space 66048K, 20% used [0x00000000a0000000,0x00000000a0cf2ee0,0x00000000a4080000)
 Metaspace       used 34731K, capacity 35306K, committed 35496K, reserved 1079296K
  class space    used 4632K, capacity 4781K, committed 4864K, reserved 1048576K
Event: 6.594 GC heap after
Heap after GC invocations=9 (full 2):
 PSYoungGen      total 99328K, used 0K [0x00000000e0000000, 0x00000000e8f80000, 0x0000000100000000)
  eden space 89088K, 0% used [0x00000000e0000000,0x00000000e0000000,0x00000000e5700000)
  from space 10240K, 0% used [0x00000000e5700000,0x00000000e5700000,0x00000000e6100000)
  to   space 12288K, 0% used [0x00000000e8380000,0x00000000e8380000,0x00000000e8f80000)
 ParOldGen       total 108544K, used 17689K [0x00000000a0000000, 0x00000000a6a00000, 0x00000000e0000000)
  object space 108544K, 16% used [0x00000000a0000000,0x00000000a1146590,0x00000000a6a00000)
 Metaspace       used 34731K, capacity 35306K, committed 35496K, reserved 1079296K
  class space    used 4632K, capacity 4781K, committed 4864K, reserved 1048576K
}
Event: 7.685 GC heap before
{Heap before GC invocations=10 (full 2):
 PSYoungGen      total 99328K, used 89088K [0x00000000e0000000, 0x00000000e8f80000, 0x0000000100000000)
  eden space 89088K, 100% used [0x00000000e0000000,0x00000000e5700000,0x00000000e5700000)
  from space 10240K, 0% used [0x00000000e5700000,0x00000000e5700000,0x00000000e6100000)
  to   space 12288K, 0% used [0x00000000e8380000,0x00000000e8380000,0x00000000e8f80000)
 ParOldGen       total 108544K, used 17689K [0x00000000a0000000, 0x00000000a6a00000, 0x00000000e0000000)
  object space 108544K, 16% used [0x00000000a0000000,0x00000000a1146590,0x00000000a6a00000)
 Metaspace       used 42789K, capacity 43680K, committed 43904K, reserved 1087488K
  class space    used 5734K, capacity 5960K, committed 6016K, reserved 1048576K
Event: 7.704 GC heap after
Heap after GC invocations=10 (full 2):
 PSYoungGen      total 133120K, used 10932K [0x00000000e0000000, 0x00000000e9000000, 0x0000000100000000)
  eden space 120832K, 0% used [0x00000000e0000000,0x00000000e0000000,0x00000000e7600000)
  from space 12288K, 88% used [0x00000000e8380000,0x00000000e8e2d0c8,0x00000000e8f80000)
  to   space 13312K, 0% used [0x00000000e7600000,0x00000000e7600000,0x00000000e8300000)
 ParOldGen       total 108544K, used 17697K [0x00000000a0000000, 0x00000000a6a00000, 0x00000000e0000000)
  object space 108544K, 16% used [0x00000000a0000000,0x00000000a1148590,0x00000000a6a00000)
 Metaspace       used 42789K, capacity 43680K, committed 43904K, reserved 1087488K
  class space    used 5734K, capacity 5960K, committed 6016K, reserved 1048576K
}
Event: 10.932 GC heap before
{Heap before GC invocations=11 (full 2):
 PSYoungGen      total 133120K, used 131764K [0x00000000e0000000, 0x00000000e9000000, 0x0000000100000000)
  eden space 120832K, 100% used [0x00000000e0000000,0x00000000e7600000,0x00000000e7600000)
  from space 12288K, 88% used [0x00000000e8380000,0x00000000e8e2d0c8,0x00000000e8f80000)
  to   space 13312K, 0% used [0x00000000e7600000,0x00000000e7600000,0x00000000e8300000)
 ParOldGen       total 108544K, used 17697K [0x00000000a0000000, 0x00000000a6a00000, 0x00000000e0000000)
  object space 108544K, 16% used [0x00000000a0000000,0x00000000a1148590,0x00000000a6a00000)
 Metaspace       used 48347K, capacity 49408K, committed 49792K, reserved 1091584K
  class space    used 6387K, capacity 6660K, committed 6784K, reserved 1048576K
Event: 10.956 GC heap after
Heap after GC invocations=11 (full 2):
 PSYoungGen      total 134144K, used 13311K [0x00000000e0000000, 0x00000000eae00000, 0x0000000100000000)
  eden space 120832K, 0% used [0x00000000e0000000,0x00000000e0000000,0x00000000e7600000)
  from space 13312K, 99% used [0x00000000e7600000,0x00000000e82ffcf0,0x00000000e8300000)
  to   space 16896K, 0% used [0x00000000e9d80000,0x00000000e9d80000,0x00000000eae00000)
 ParOldGen       total 108544K, used 22584K [0x00000000a0000000, 0x00000000a6a00000, 0x00000000e0000000)
  object space 108544K, 20% used [0x00000000a0000000,0x00000000a160e018,0x00000000a6a00000)
 Metaspace       used 48347K, capacity 49408K, committed 49792K, reserved 1091584K
  class space    used 6387K, capacity 6660K, committed 6784K, reserved 1048576K
}

