# JRE version: OpenJDK Runtime Environment (8.0_112-b06) (build 1.8.0_112-release-b06)
# Java VM: OpenJDK 64-Bit Server VM (25.112-b06 mixed mode windows-amd64 compressed oops)
Heap:
 PSYoungGen      total 60928K, used 30970K [0x00000000e0000000, 0x00000000e6180000, 0x0000000100000000)
  eden space 50688K, 49% used [0x00000000e0000000,0x00000000e1881848,0x00000000e3180000)
  from space 10240K, 57% used [0x00000000e3180000,0x00000000e373d2e8,0x00000000e3b80000)
  to   space 9728K, 0% used [0x00000000e5800000,0x00000000e5800000,0x00000000e6180000)
 ParOldGen       total 62976K, used 9096K [0x00000000a0000000, 0x00000000a3d80000, 0x00000000e0000000)
  object space 62976K, 14% used [0x00000000a0000000,0x00000000a08e20f8,0x00000000a3d80000)
 Metaspace       used 30018K, capacity 30568K, committed 30848K, reserved 1075200K
  class space    used 4066K, capacity 4220K, committed 4224K, reserved 1048576K
GC Heap History (10 events):
Event: 6.446 GC heap before
{Heap before GC invocations=4 (full 0):
 PSYoungGen      total 37888K, used 27374K [0x00000000e0000000, 0x00000000e4a00000, 0x0000000100000000)
  eden space 32768K, 67% used [0x00000000e0000000,0x00000000e15be490,0x00000000e2000000)
  from space 5120K, 99% used [0x00000000e2000000,0x00000000e24fd6a8,0x00000000e2500000)
  to   space 5120K, 0% used [0x00000000e4500000,0x00000000e4500000,0x00000000e4a00000)
 ParOldGen       total 86016K, used 3369K [0x00000000a0000000, 0x00000000a5400000, 0x00000000e0000000)
  object space 86016K, 3% used [0x00000000a0000000,0x00000000a034a7d0,0x00000000a5400000)
 Metaspace       used 20833K, capacity 21100K, committed 21296K, reserved 1067008K
  class space    used 2755K, capacity 2865K, committed 2944K, reserved 1048576K
Event: 6.457 GC heap after
Heap after GC invocations=4 (full 0):
 PSYoungGen      total 37888K, used 5100K [0x00000000e0000000, 0x00000000e4a00000, 0x0000000100000000)
  eden space 32768K, 0% used [0x00000000e0000000,0x00000000e0000000,0x00000000e2000000)
  from space 5120K, 99% used [0x00000000e4500000,0x00000000e49fb000,0x00000000e4a00000)
  to   space 5120K, 0% used [0x00000000e2000000,0x00000000e2000000,0x00000000e2500000)
 ParOldGen       total 86016K, used 7497K [0x00000000a0000000, 0x00000000a5400000, 0x00000000e0000000)
  object space 86016K, 8% used [0x00000000a0000000,0x00000000a07525c0,0x00000000a5400000)
 Metaspace       used 20833K, capacity 21100K, committed 21296K, reserved 1067008K
  class space    used 2755K, capacity 2865K, committed 2944K, reserved 1048576K
}
Event: 6.457 GC heap before
{Heap before GC invocations=5 (full 1):
 PSYoungGen      total 37888K, used 5100K [0x00000000e0000000, 0x00000000e4a00000, 0x0000000100000000)
  eden space 32768K, 0% used [0x00000000e0000000,0x00000000e0000000,0x00000000e2000000)
  from space 5120K, 99% used [0x00000000e4500000,0x00000000e49fb000,0x00000000e4a00000)
  to   space 5120K, 0% used [0x00000000e2000000,0x00000000e2000000,0x00000000e2500000)
 ParOldGen       total 86016K, used 7497K [0x00000000a0000000, 0x00000000a5400000, 0x00000000e0000000)
  object space 86016K, 8% used [0x00000000a0000000,0x00000000a07525c0,0x00000000a5400000)
 Metaspace       used 20833K, capacity 21100K, committed 21296K, reserved 1067008K
  class space    used 2755K, capacity 2865K, committed 2944K, reserved 1048576K
Event: 6.512 GC heap after
Heap after GC invocations=5 (full 1):
 PSYoungGen      total 37888K, used 0K [0x00000000e0000000, 0x00000000e4a00000, 0x0000000100000000)
  eden space 32768K, 0% used [0x00000000e0000000,0x00000000e0000000,0x00000000e2000000)
  from space 5120K, 0% used [0x00000000e4500000,0x00000000e4500000,0x00000000e4a00000)
  to   space 5120K, 0% used [0x00000000e2000000,0x00000000e2000000,0x00000000e2500000)
 ParOldGen       total 62976K, used 9088K [0x00000000a0000000, 0x00000000a3d80000, 0x00000000e0000000)
  object space 62976K, 14% used [0x00000000a0000000,0x00000000a08e00f8,0x00000000a3d80000)
 Metaspace       used 20833K, capacity 21100K, committed 21296K, reserved 1067008K
  class space    used 2755K, capacity 2865K, committed 2944K, reserved 1048576K
}
Event: 7.207 GC heap before
{Heap before GC invocations=6 (full 1):
 PSYoungGen      total 37888K, used 32768K [0x00000000e0000000, 0x00000000e4a00000, 0x0000000100000000)
  eden space 32768K, 100% used [0x00000000e0000000,0x00000000e2000000,0x00000000e2000000)
  from space 5120K, 0% used [0x00000000e4500000,0x00000000e4500000,0x00000000e4a00000)
  to   space 5120K, 0% used [0x00000000e2000000,0x00000000e2000000,0x00000000e2500000)
 ParOldGen       total 62976K, used 9088K [0x00000000a0000000, 0x00000000a3d80000, 0x00000000e0000000)
  object space 62976K, 14% used [0x00000000a0000000,0x00000000a08e00f8,0x00000000a3d80000)
 Metaspace       used 23791K, capacity 24138K, committed 24320K, reserved 1071104K
  class space    used 3193K, capacity 3294K, committed 3328K, reserved 1048576K
Event: 7.215 GC heap after
Heap after GC invocations=6 (full 1):
 PSYoungGen      total 37888K, used 4589K [0x00000000e0000000, 0x00000000e4600000, 0x0000000100000000)
  eden space 32768K, 0% used [0x00000000e0000000,0x00000000e0000000,0x00000000e2000000)
  from space 5120K, 89% used [0x00000000e2000000,0x00000000e247b630,0x00000000e2500000)
  to   space 10752K, 0% used [0x00000000e3b80000,0x00000000e3b80000,0x00000000e4600000)
 ParOldGen       total 62976K, used 9096K [0x00000000a0000000, 0x00000000a3d80000, 0x00000000e0000000)
  object space 62976K, 14% used [0x00000000a0000000,0x00000000a08e20f8,0x00000000a3d80000)
 Metaspace       used 23791K, capacity 24138K, committed 24320K, reserved 1071104K
  class space    used 3193K, capacity 3294K, committed 3328K, reserved 1048576K
}
Event: 7.859 GC heap before
{Heap before GC invocations=7 (full 1):
 PSYoungGen      total 37888K, used 37357K [0x00000000e0000000, 0x00000000e4600000, 0x0000000100000000)
  eden space 32768K, 100% used [0x00000000e0000000,0x00000000e2000000,0x00000000e2000000)
  from space 5120K, 89% used [0x00000000e2000000,0x00000000e247b630,0x00000000e2500000)
  to   space 10752K, 0% used [0x00000000e3b80000,0x00000000e3b80000,0x00000000e4600000)
 ParOldGen       total 62976K, used 9096K [0x00000000a0000000, 0x00000000a3d80000, 0x00000000e0000000)
  object space 62976K, 14% used [0x00000000a0000000,0x00000000a08e20f8,0x00000000a3d80000)
 Metaspace       used 26041K, capacity 26432K, committed 26752K, reserved 1073152K
  class space    used 3579K, capacity 3693K, committed 3712K, reserved 1048576K
Event: 7.868 GC heap after
Heap after GC invocations=7 (full 1):
 PSYoungGen      total 61440K, used 5274K [0x00000000e0000000, 0x00000000e4600000, 0x0000000100000000)
  eden space 50688K, 0% used [0x00000000e0000000,0x00000000e0000000,0x00000000e3180000)
  from space 10752K, 49% used [0x00000000e3b80000,0x00000000e40a6a10,0x00000000e4600000)
  to   space 10240K, 0% used [0x00000000e3180000,0x00000000e3180000,0x00000000e3b80000)
 ParOldGen       total 62976K, used 9096K [0x00000000a0000000, 0x00000000a3d80000, 0x00000000e0000000)
  object space 62976K, 14% used [0x00000000a0000000,0x00000000a08e20f8,0x00000000a3d80000)
 Metaspace       used 26041K, capacity 26432K, committed 26752K, reserved 1073152K
  class space    used 3579K, capacity 3693K, committed 3712K, reserved 1048576K
}
Event: 9.026 GC heap before
{Heap before GC invocations=8 (full 1):
 PSYoungGen      total 61440K, used 55962K [0x00000000e0000000, 0x00000000e4600000, 0x0000000100000000)
  eden space 50688K, 100% used [0x00000000e0000000,0x00000000e3180000,0x00000000e3180000)
  from space 10752K, 49% used [0x00000000e3b80000,0x00000000e40a6a10,0x00000000e4600000)
  to   space 10240K, 0% used [0x00000000e3180000,0x00000000e3180000,0x00000000e3b80000)
 ParOldGen       total 62976K, used 9096K [0x00000000a0000000, 0x00000000a3d80000, 0x00000000e0000000)
  object space 62976K, 14% used [0x00000000a0000000,0x00000000a08e20f8,0x00000000a3d80000)
 Metaspace       used 29161K, capacity 29636K, committed 29952K, reserved 1075200K
  class space    used 3945K, capacity 4081K, committed 4096K, reserved 1048576K
Event: 9.046 GC heap after
Heap after GC invocations=8 (full 1):
 PSYoungGen      total 60928K, used 5876K [0x00000000e0000000, 0x00000000e6180000, 0x0000000100000000)
  eden space 50688K, 0% used [0x00000000e0000000,0x00000000e0000000,0x00000000e3180000)
  from space 10240K, 57% used [0x00000000e3180000,0x00000000e373d2e8,0x00000000e3b80000)
  to   space 9728K, 0% used [0x00000000e5800000,0x00000000e5800000,0x00000000e6180000)
 ParOldGen       total 62976K, used 9096K [0x00000000a0000000, 0x00000000a3d80000, 0x00000000e0000000)
  object space 62976K, 14% used [0x00000000a0000000,0x00000000a08e20f8,0x00000000a3d80000)
 Metaspace       used 29161K, capacity 29636K, committed 29952K, reserved 1075200K
  class space    used 3945K, capacity 4081K, committed 4096K, reserved 1048576K
}

