# JRE version: OpenJDK Runtime Environment (8.0_112-b06) (build 1.8.0_112-release-b06)
# Java VM: OpenJDK 64-Bit Server VM (25.112-b06 mixed mode windows-amd64 compressed oops)
Heap:
 PSYoungGen      total 166400K, used 10735K [0x00000000e0000000, 0x00000000ec400000, 0x0000000100000000)
  eden space 138240K, 7% used [0x00000000e0000000,0x00000000e0a7bda0,0x00000000e8700000)
  from space 28160K, 0% used [0x00000000ea880000,0x00000000ea880000,0x00000000ec400000)
  to   space 31232K, 0% used [0x00000000e8700000,0x00000000e8700000,0x00000000ea580000)
 ParOldGen       total 96768K, used 45561K [0x00000000a0000000, 0x00000000a5e80000, 0x00000000e0000000)
  object space 96768K, 47% used [0x00000000a0000000,0x00000000a2c7e608,0x00000000a5e80000)
 Metaspace       used 60078K, capacity 61794K, committed 61952K, reserved 1103872K
  class space    used 7973K, capacity 8371K, committed 8448K, reserved 1048576K
GC Heap History (10 events):
Event: 22.406 GC heap before
{Heap before GC invocations=15 (full 2):
 PSYoungGen      total 119808K, used 119796K [0x00000000e0000000, 0x00000000e8980000, 0x0000000100000000)
  eden space 107008K, 100% used [0x00000000e0000000,0x00000000e6880000,0x00000000e6880000)
  from space 12800K, 99% used [0x00000000e7880000,0x00000000e84fd390,0x00000000e8500000)
  to   space 16384K, 0% used [0x00000000e6880000,0x00000000e6880000,0x00000000e7880000)
 ParOldGen       total 96768K, used 21508K [0x00000000a0000000, 0x00000000a5e80000, 0x00000000e0000000)
  object space 96768K, 22% used [0x00000000a0000000,0x00000000a15013c0,0x00000000a5e80000)
 Metaspace       used 54887K, capacity 56642K, committed 56960K, reserved 1097728K
  class space    used 7342K, capacity 7737K, committed 7808K, reserved 1048576K
Event: 22.433 GC heap after
Heap after GC invocations=15 (full 2):
 PSYoungGen      total 123392K, used 16353K [0x00000000e0000000, 0x00000000e8980000, 0x0000000100000000)
  eden space 107008K, 0% used [0x00000000e0000000,0x00000000e0000000,0x00000000e6880000)
  from space 16384K, 99% used [0x00000000e6880000,0x00000000e7878700,0x00000000e7880000)
  to   space 12800K, 0% used [0x00000000e7880000,0x00000000e7880000,0x00000000e8500000)
 ParOldGen       total 96768K, used 30195K [0x00000000a0000000, 0x00000000a5e80000, 0x00000000e0000000)
  object space 96768K, 31% used [0x00000000a0000000,0x00000000a1d7ce60,0x00000000a5e80000)
 Metaspace       used 54887K, capacity 56642K, committed 56960K, reserved 1097728K
  class space    used 7342K, capacity 7737K, committed 7808K, reserved 1048576K
}
Event: 24.071 GC heap before
{Heap before GC invocations=16 (full 2):
 PSYoungGen      total 123392K, used 123361K [0x00000000e0000000, 0x00000000e8980000, 0x0000000100000000)
  eden space 107008K, 100% used [0x00000000e0000000,0x00000000e6880000,0x00000000e6880000)
  from space 16384K, 99% used [0x00000000e6880000,0x00000000e7878700,0x00000000e7880000)
  to   space 12800K, 0% used [0x00000000e7880000,0x00000000e7880000,0x00000000e8500000)
 ParOldGen       total 96768K, used 30195K [0x00000000a0000000, 0x00000000a5e80000, 0x00000000e0000000)
  object space 96768K, 31% used [0x00000000a0000000,0x00000000a1d7ce60,0x00000000a5e80000)
 Metaspace       used 55953K, capacity 57680K, committed 57728K, reserved 1099776K
  class space    used 7438K, capacity 7804K, committed 7808K, reserved 1048576K
Event: 24.135 GC heap after
Heap after GC invocations=16 (full 2):
 PSYoungGen      total 119808K, used 12772K [0x00000000e0000000, 0x00000000e8980000, 0x0000000100000000)
  eden space 107008K, 0% used [0x00000000e0000000,0x00000000e0000000,0x00000000e6880000)
  from space 12800K, 99% used [0x00000000e7880000,0x00000000e84f9380,0x00000000e8500000)
  to   space 16384K, 0% used [0x00000000e6880000,0x00000000e6880000,0x00000000e7880000)
 ParOldGen       total 96768K, used 55687K [0x00000000a0000000, 0x00000000a5e80000, 0x00000000e0000000)
  object space 96768K, 57% used [0x00000000a0000000,0x00000000a3661da0,0x00000000a5e80000)
 Metaspace       used 55953K, capacity 57680K, committed 57728K, reserved 1099776K
  class space    used 7438K, capacity 7804K, committed 7808K, reserved 1048576K
}
Event: 30.550 GC heap before
{Heap before GC invocations=17 (full 2):
 PSYoungGen      total 119808K, used 119780K [0x00000000e0000000, 0x00000000e8980000, 0x0000000100000000)
  eden space 107008K, 100% used [0x00000000e0000000,0x00000000e6880000,0x00000000e6880000)
  from space 12800K, 99% used [0x00000000e7880000,0x00000000e84f9380,0x00000000e8500000)
  to   space 16384K, 0% used [0x00000000e6880000,0x00000000e6880000,0x00000000e7880000)
 ParOldGen       total 96768K, used 55687K [0x00000000a0000000, 0x00000000a5e80000, 0x00000000e0000000)
  object space 96768K, 57% used [0x00000000a0000000,0x00000000a3661da0,0x00000000a5e80000)
 Metaspace       used 56627K, capacity 58402K, committed 58624K, reserved 1099776K
  class space    used 7503K, capacity 7885K, committed 7936K, reserved 1048576K
Event: 30.576 GC heap after
Heap after GC invocations=17 (full 2):
 PSYoungGen      total 123392K, used 16354K [0x00000000e0000000, 0x00000000ec800000, 0x0000000100000000)
  eden space 107008K, 0% used [0x00000000e0000000,0x00000000e0000000,0x00000000e6880000)
  from space 16384K, 99% used [0x00000000e6880000,0x00000000e7878998,0x00000000e7880000)
  to   space 32256K, 0% used [0x00000000ea880000,0x00000000ea880000,0x00000000ec800000)
 ParOldGen       total 96768K, used 61030K [0x00000000a0000000, 0x00000000a5e80000, 0x00000000e0000000)
  object space 96768K, 63% used [0x00000000a0000000,0x00000000a3b99b20,0x00000000a5e80000)
 Metaspace       used 56627K, capacity 58402K, committed 58624K, reserved 1099776K
  class space    used 7503K, capacity 7885K, committed 7936K, reserved 1048576K
}
Event: 33.070 GC heap before
{Heap before GC invocations=18 (full 2):
 PSYoungGen      total 123392K, used 62666K [0x00000000e0000000, 0x00000000ec800000, 0x0000000100000000)
  eden space 107008K, 43% used [0x00000000e0000000,0x00000000e2d3a208,0x00000000e6880000)
  from space 16384K, 99% used [0x00000000e6880000,0x00000000e7878998,0x00000000e7880000)
  to   space 32256K, 0% used [0x00000000ea880000,0x00000000ea880000,0x00000000ec800000)
 ParOldGen       total 96768K, used 61030K [0x00000000a0000000, 0x00000000a5e80000, 0x00000000e0000000)
  object space 96768K, 63% used [0x00000000a0000000,0x00000000a3b99b20,0x00000000a5e80000)
 Metaspace       used 57328K, capacity 59080K, committed 59160K, reserved 1099776K
  class space    used 7603K, capacity 8020K, committed 8064K, reserved 1048576K
Event: 33.088 GC heap after
Heap after GC invocations=18 (full 2):
 PSYoungGen      total 166400K, used 9711K [0x00000000e0000000, 0x00000000ec400000, 0x0000000100000000)
  eden space 138240K, 0% used [0x00000000e0000000,0x00000000e0000000,0x00000000e8700000)
  from space 28160K, 34% used [0x00000000ea880000,0x00000000eb1fbd30,0x00000000ec400000)
  to   space 31232K, 0% used [0x00000000e8700000,0x00000000e8700000,0x00000000ea580000)
 ParOldGen       total 96768K, used 65253K [0x00000000a0000000, 0x00000000a5e80000, 0x00000000e0000000)
  object space 96768K, 67% used [0x00000000a0000000,0x00000000a3fb9498,0x00000000a5e80000)
 Metaspace       used 57328K, capacity 59080K, committed 59160K, reserved 1099776K
  class space    used 7603K, capacity 8020K, committed 8064K, reserved 1048576K
}
Event: 33.088 GC heap before
{Heap before GC invocations=19 (full 3):
 PSYoungGen      total 166400K, used 9711K [0x00000000e0000000, 0x00000000ec400000, 0x0000000100000000)
  eden space 138240K, 0% used [0x00000000e0000000,0x00000000e0000000,0x00000000e8700000)
  from space 28160K, 34% used [0x00000000ea880000,0x00000000eb1fbd30,0x00000000ec400000)
  to   space 31232K, 0% used [0x00000000e8700000,0x00000000e8700000,0x00000000ea580000)
 ParOldGen       total 96768K, used 65253K [0x00000000a0000000, 0x00000000a5e80000, 0x00000000e0000000)
  object space 96768K, 67% used [0x00000000a0000000,0x00000000a3fb9498,0x00000000a5e80000)
 Metaspace       used 57328K, capacity 59080K, committed 59160K, reserved 1099776K
  class space    used 7603K, capacity 8020K, committed 8064K, reserved 1048576K
Event: 33.411 GC heap after
Heap after GC invocations=19 (full 3):
 PSYoungGen      total 166400K, used 0K [0x00000000e0000000, 0x00000000ec400000, 0x0000000100000000)
  eden space 138240K, 0% used [0x00000000e0000000,0x00000000e0000000,0x00000000e8700000)
  from space 28160K, 0% used [0x00000000ea880000,0x00000000ea880000,0x00000000ec400000)
  to   space 31232K, 0% used [0x00000000e8700000,0x00000000e8700000,0x00000000ea580000)
 ParOldGen       total 96768K, used 45561K [0x00000000a0000000, 0x00000000a5e80000, 0x00000000e0000000)
  object space 96768K, 47% used [0x00000000a0000000,0x00000000a2c7e608,0x00000000a5e80000)
 Metaspace       used 57326K, capacity 59074K, committed 59160K, reserved 1099776K
  class space    used 7602K, capacity 8019K, committed 8064K, reserved 1048576K
}

